FM-frame/proguard/seeds.txt
com.bsk.fmradio.MainActivity
com.bsk.fmradio.MainActivity: MainActivity()
com.bsk.fmradio.MainActivity: java.lang.String OpenDev()
com.bsk.fmradio.MainActivity: java.lang.String CloseDev()
com.bsk.fmradio.MainActivity: java.lang.String Tune(int)
com.bsk.fmradio.MainActivity: java.lang.String AutoSeekUp()
com.bsk.fmradio.MainActivity: java.lang.String AutoSeekDown()
com.bsk.fmradio.MainActivity: java.lang.String GetFreq()
com.bsk.fmradio.MainActivity: java.lang.String SetGain(int)
com.bsk.fmradio.MainActivity: java.lang.String GetGain()
com.bsk.fmradio.MainActivity: java.lang.String PlayChannel(int)
...
android.support.v4.widget.SlidingPaneLayout$SavedState
android.support.v4.widget.SlidingPaneLayout$SavedState: android.os.Parcelable$Creator CREATOR
android.support.v7.app.ActionBar$LayoutParams
android.support.v7.app.ActionBar$LayoutParams: ActionBar$LayoutParams(android.content.Context,android.util.AttributeSet)
android.support.v7.app.ActionBarActivity
android.support.v7.internal.view.menu.ActionMenuItemView
android.support.v7.internal.view.menu.ActionMenuItemView: ActionMenuItemView(android.content.Context)
android.support.v7.internal.view.menu.ActionMenuItemView: ActionMenuItemView(android.content.Context,android.util.AttributeSet)
android.support.v7.internal.view.menu.ActionMenuItemView: ActionMenuItemView(android.content.Context,android.util.AttributeSet,int)
android.support.v7.internal.view.menu.ActionMenuPresenter$SavedState
android.support.v7.internal.view.menu.ActionMenuPresenter$SavedState: android.os.Parcelable$Creator CREATOR
android.support.v7.internal.view.menu.ActionMenuView
android.support.v7.internal.view.menu.ActionMenuView: ActionMenuView(android.content.Context)
android.support.v7.internal.view.menu.ActionMenuView: ActionMenuView(android.content.Context,android.util.AttributeSet)
android.support.v7.internal.view.menu.ActionMenuView$LayoutParams
android.support.v7.internal.view.menu.ActionMenuView$LayoutParams: ActionMenuView$LayoutParams(android.content.Context,android.util.AttributeSet)
android.support.v7.internal.view.menu.ExpandedMenuView
android.support.v7.internal.view.menu.ExpandedMenuView: ExpandedMenuView(android.content.Context,android.util.AttributeSet)
android.support.v7.internal.view.menu.ListMenuItemView
android.support.v7.internal.view.menu.ListMenuItemView: ListMenuItemView(android.content.Context,android.util.AttributeSet,int)
android.support.v7.internal.view.menu.ListMenuItemView: ListMenuItemView(android.content.Context,android.util.AttributeSet)
android.support.v7.internal.widget.AbsActionBarView: AbsActionBarView(android.content.Context)
android.support.v7.internal.widget.AbsActionBarView: AbsActionBarView(android.content.Context,android.util.AttributeSet)
android.support.v7.internal.widget.AbsActionBarView: AbsActionBarView(android.content.Context,android.util.AttributeSet,int)
android.support.v7.internal.widget.AbsSpinnerICS$SavedState
android.support.v7.internal.widget.AbsSpinnerICS$SavedState: android.os.Parcelable$Creator CREATOR
android.support.v7.internal.widget.ActionBarContainer
android.support.v7.internal.widget.ActionBarContainer: ActionBarContainer(android.content.Context)
android.support.v7.internal.widget.ActionBarContainer: ActionBarContainer(android.content.Context,android.util.AttributeSet)
android.support.v7.internal.widget.ActionBarContextView
android.support.v7.internal.widget.ActionBarContextView: ActionBarContextView(android.content.Context)
android.support.v7.internal.widget.ActionBarContextView: ActionBarContextView(android.content.Context,android.util.AttributeSet)
android.support.v7.internal.widget.ActionBarContextView: ActionBarContextView(android.content.Context,android.util.AttributeSet,int)
android.support.v7.internal.widget.ActionBarOverlayLayout
android.support.v7.internal.widget.ActionBarOverlayLayout: ActionBarOverlayLayout(android.content.Context)
android.support.v7.internal.widget.ActionBarOverlayLayout: ActionBarOverlayLayout(android.content.Context,android.util.AttributeSet)
android.support.v7.internal.widget.ActionBarView
android.support.v7.internal.widget.ActionBarView: ActionBarView(android.content.Context,android.util.AttributeSet)
android.support.v7.internal.widget.ActionBarView$HomeView
android.support.v7.internal.widget.ActionBarView$HomeView: ActionBarView$HomeView(android.content.Context)
android.support.v7.internal.widget.ActionBarView$HomeView: ActionBarView$HomeView(android.content.Context,android.util.AttributeSet)