FM-frame/proguard/mapping.txt
com.bsk.fmradio.DatabaseHelper -> com.bsk.fmradio.a:
    void onCreate(android.database.sqlite.SQLiteDatabase) -> onCreate
    void onUpgrade(android.database.sqlite.SQLiteDatabase,int,int) -> onUpgrade
com.bsk.fmradio.MainActivity -> com.bsk.fmradio.MainActivity:
    java.lang.String currFreq -> a
    android.media.AudioManager mAudioManager -> b
    android.os.PowerManager$WakeLock mWakelock -> e
    android.widget.TextView currFreqTv -> f
    android.widget.Button incTuneBtn -> g
    android.widget.Button decTuneBtn -> h
    android.widget.Button seekUpBtn -> i
    android.widget.Button seekDownBtn -> j
    android.widget.Button powerBtn -> k
    android.widget.Button favorBtn -> l
    android.widget.ListView freqListView -> m
    android.widget.ListView favorListView -> n
    com.bsk.fmradio.DatabaseHelper mOpenHelper -> o
    android.database.sqlite.SQLiteDatabase mDb -> p
    android.os.Handler mHandler -> q
    android.support.v4.widget.SimpleCursorAdapter listAdapter -> r
    android.support.v4.widget.SimpleCursorAdapter favorAdapter -> s
    boolean isSeek -> t
    boolean isOpenDev -> u
    int currVolume -> v
    android.widget.ImageView arrowIv -> w
    android.view.animation.Animation rotateAnim -> x
    android.widget.LinearLayout tabLy -> y
    android.widget.Button favoriteBtn -> z
    android.widget.Button listBtn -> A
    android.widget.Button seekFreqBtn -> B
    int currAngle -> c
    boolean isFavored -> d
    int isSoundEffect -> C
    android.content.Context mContext -> D
    android.content.res.Resources res -> E
    java.lang.String BC_CLOSE_FM -> F
    android.content.BroadcastReceiver headSetReceiver -> G
com.bsk.fmradio.MainActivity$1 -> com.bsk.fmradio.b:
    com.bsk.fmradio.MainActivity this$0 -> a
    void onReceive(android.content.Context,android.content.Intent) -> onReceive
    com.bsk.fmradio.MainActivity access$0(com.bsk.fmradio.MainActivity$1) -> a
com.bsk.fmradio.MainActivity$1$1 -> com.bsk.fmradio.c:
    com.bsk.fmradio.MainActivity$1 this$1 -> a
    void run() -> run
com.bsk.fmradio.MainActivity$1$2 -> com.bsk.fmradio.d:
    com.bsk.fmradio.MainActivity$1 this$1 -> a
    void run() -> run
com.bsk.fmradio.MainActivity$10 -> com.bsk.fmradio.e:
    com.bsk.fmradio.MainActivity this$0 -> a
    void onClick(android.view.View) -> onClick
com.bsk.fmradio.MainActivity$11 -> com.bsk.fmradio.f:
    com.bsk.fmradio.MainActivity this$0 -> a
    void run() -> run
com.bsk.fmradio.MainActivity$12 -> com.bsk.fmradio.g:
    com.bsk.fmradio.MainActivity this$0 -> a
    java.lang.Runnable val$seekRunnable -> b
    void onClick(android.view.View) -> onClick
com.bsk.fmradio.MainActivity$13 -> com.bsk.fmradio.h:
    com.bsk.fmradio.MainActivity this$0 -> a
    void onClick(android.view.View) -> onClick
    com.bsk.fmradio.MainActivity access$0(com.bsk.fmradio.MainActivity$13) -> a
com.bsk.fmradio.MainActivity$13$1 -> com.bsk.fmradio.i:
    com.bsk.fmradio.MainActivity$13 this$1 -> a
    void run() -> run
com.bsk.fmradio.MainActivity$14 -> com.bsk.fmradio.j:
    com.bsk.fmradio.MainActivity this$0 -> a
    void onClick(android.view.View) -> onClick
    com.bsk.fmradio.MainActivity access$0(com.bsk.fmradio.MainActivity$14) -> a
com.bsk.fmradio.MainActivity$14$1 -> com.bsk.fmradio.k:
    com.bsk.fmradio.MainActivity$14 this$1 -> a
    void run() -> run
com.bsk.fmradio.MainActivity$15 -> com.bsk.fmradio.l:
    com.bsk.fmradio.MainActivity this$0 -> a
    void onClick(android.view.View) -> onClick
com.bsk.fmradio.MainActivity$16 -> com.bsk.fmradio.m:
    com.bsk.fmradio.MainActivity this$0 -> a
    void run() -> run
com.bsk.fmradio.MainActivity$2 -> com.bsk.fmradio.n:
    com.bsk.fmradio.MainActivity this$0 -> a
    void onReceive(android.content.Context,android.content.Intent) -> onReceive
com.bsk.fmradio.MainActivity$3 -> com.bsk.fmradio.o:
    com.bsk.fmradio.MainActivity this$0 -> a
    void onClick(android.view.View) -> onClick
...
android.support.v7.internal.widget.ListPopupWindow$2 -> android.support.v7.internal.widget.r:
    android.support.v7.internal.widget.ListPopupWindow this$0 -> a
    void onItemSelected(android.widget.AdapterView,android.view.View,int,long) -> onItemSelected
    void onNothingSelected(android.widget.AdapterView) -> onNothingSelected
android.support.v7.internal.widget.ListPopupWindow$DropDownListView -> android.support.v7.internal.widget.s:
    boolean mListSelectionHidden -> a
    boolean mHijackFocus -> b
    boolean isInTouchMode() -> isInTouchMode
    boolean hasWindowFocus() -> hasWindowFocus
    boolean isFocused() -> isFocused
    boolean hasFocus() -> hasFocus
    int measureHeightOfChildrenCompat$2e71581f$4868d301(int,int) -> a
    boolean access$502(android.support.v7.internal.widget.ListPopupWindow$DropDownListView,boolean) -> a
android.support.v7.internal.widget.ListPopupWindow$ListSelectorHider -> android.support.v7.internal.widget.t:
    android.support.v7.internal.widget.ListPopupWindow this$0 -> a
    void run() -> run
android.support.v7.internal.widget.ListPopupWindow$PopupDataSetObserver -> android.support.v7.internal.widget.u:
    android.support.v7.internal.widget.ListPopupWindow this$0 -> a
    void onChanged() -> onChanged
    void onInvalidated() -> onInvalidated
android.support.v7.internal.widget.ListPopupWindow$PopupScrollListener -> android.support.v7.internal.widget.v:
    android.support.v7.internal.widget.ListPopupWindow this$0 -> a
    void onScroll(android.widget.AbsListView,int,int,int) -> onScroll
    void onScrollStateChanged(android.widget.AbsListView,int) -> onScrollStateChanged
android.support.v7.internal.widget.ListPopupWindow$PopupTouchInterceptor -> android.support.v7.internal.widget.w:
    android.support.v7.internal.widget.ListPopupWindow this$0 -> a
    boolean onTouch(android.view.View,android.view.MotionEvent) -> onTouch
android.support.v7.internal.widget.ListPopupWindow$ResizePopupRunnable -> android.support.v7.internal.widget.x:
    android.support.v7.internal.widget.ListPopupWindow this$0 -> a
    void run() -> run
android.support.v7.internal.widget.NativeActionModeAwareLayout -> android.support.v7.internal.widget.NativeActionModeAwareLayout:
    android.support.v7.internal.widget.NativeActionModeAwareLayout$OnActionModeForChildListener mActionModeForChildListener -> a
    void setActionModeForChildListener(android.support.v7.internal.widget.NativeActionModeAwareLayout$OnActionModeForChildListener) -> a
    android.view.ActionMode startActionModeForChild(android.view.View,android.view.ActionMode$Callback) -> startActionModeForChild
android.support.v7.internal.widget.NativeActionModeAwareLayout$OnActionModeForChildListener -> android.support.v7.internal.widget.y:
    android.view.ActionMode$Callback onActionModeForChild(android.view.ActionMode$Callback) -> a